<?xml version="1.0" encoding="UTF-8"?>
<testsuite xmlns:xsi="http://www.w3.org/2001/XMLSchema-instance" xsi:noNamespaceSchemaLocation="https://maven.apache.org/surefire/maven-surefire-plugin/xsd/surefire-test-report-3.0.xsd" version="3.0" name="com.ecommerce.demo.EcommerceApplicationTests" time="5.994" tests="1" errors="0" skipped="0" failures="0">
  <properties>
[...]
</properties>
  <testcase name="contextLoads" classname="com.ecommerce.demo.EcommerceApplicationTests" time="1.159">
    <system-out><![CDATA[15:51:14.160 [main] INFO org.springframework.test.context.support.AnnotationConfigContextLoaderUtils -- Could not detect default configuration classes for test class [com.ecommerce.demo.EcommerceApplicationTests]: EcommerceApplicationTests does not declare any static, non-private, non-final, nested classes annotated with @Configuration.
15:51:14.378 [main] INFO org.springframework.boot.test.context.SpringBootTestContextBootstrapper -- Found @SpringBootConfiguration com.ecommerce.demo.EcommerceApplication for test class com.ecommerce.demo.EcommerceApplicationTests

  .   ____          _            __ _ _
 /\\ / ___'_ __ _ _(_)_ __  __ _ \ \ \ \
( ( )\___ | '_ | '_| | '_ \/ _` | \ \ \ \
 \\/  ___)| |_)| | | | | || (_| |  ) ) ) )
  '  |____| .__|_| |_|_| |_\__, | / / / /
 =========|_|==============|___/=/_/_/_/

 :: Spring Boot ::                (v3.3.3)

2024-10-03T15:51:15.175-03:00  INFO 22240 --- [Microservices_Java] [           main] c.e.demo.EcommerceApplicationTests       : Starting EcommerceApplicationTests using Java 22.0.2 with PID 22240 (started by gre in /home/gre/Programacion/Proyectos/Java/eco)
2024-10-03T15:51:15.178-03:00  INFO 22240 --- [Microservices_Java] [           main] c.e.demo.EcommerceApplicationTests       : No active profile set, falling back to 1 default profile: "default"
2024-10-03T15:51:16.225-03:00  INFO 22240 --- [Microservices_Java] [           main] .s.d.r.c.RepositoryConfigurationDelegate : Bootstrapping Spring Data JDBC repositories in DEFAULT mode.
2024-10-03T15:51:16.265-03:00  INFO 22240 --- [Microservices_Java] [           main] .s.d.r.c.RepositoryConfigurationDelegate : Finished Spring Data repository scanning in 32 ms. Found 0 JDBC repository interfaces.
2024-10-03T15:51:16.857-03:00  INFO 22240 --- [Microservices_Java] [           main] com.zaxxer.hikari.HikariDataSource       : HikariPool-1 - Starting...
2024-10-03T15:51:17.194-03:00  INFO 22240 --- [Microservices_Java] [           main] com.zaxxer.hikari.pool.HikariPool        : HikariPool-1 - Added connection org.postgresql.jdbc.PgConnection@36ab3814
2024-10-03T15:51:17.196-03:00  INFO 22240 --- [Microservices_Java] [           main] com.zaxxer.hikari.HikariDataSource       : HikariPool-1 - Start completed.
2024-10-03T15:51:18.243-03:00  INFO 22240 --- [Microservices_Java] [           main] c.e.demo.EcommerceApplicationTests       : Started EcommerceApplicationTests in 3.585 seconds (process running for 5.629)
]]></system-out>
    <system-err><![CDATA[WARNING: A Java agent has been loaded dynamically (/home/gre/.m2/repository/net/bytebuddy/byte-buddy-agent/1.14.19/byte-buddy-agent-1.14.19.jar)
WARNING: If a serviceability tool is in use, please run with -XX:+EnableDynamicAgentLoading to hide this warning
WARNING: If a serviceability tool is not in use, please run with -Djdk.instrument.traceUsage for more information
WARNING: Dynamic loading of agents will be disallowed by default in a future release
]]></system-err>
  </testcase>
</testsuite>